<?xml version="1.0" encoding="UTF-8"?>
<testsuite name="Matrix" tests="1" skipped="0" failures="0" errors="0" timestamp="2023-12-12T10:14:50" hostname="MacBook-Pro-de-mac-3.local" time="0.063">
  <properties/>
  <testcase name="Determinant" classname="Matrix" time="0.063"/>
  <system-out><![CDATA[]]></system-out>
  <system-err><![CDATA[]]></system-err>
</testsuite>
